[01m[K/home/javed/ros_projects/bumperbot_ws/src/bumperbot_motion/src/pd_motion_planner.cpp:[m[K In member function â€˜[01m[Kvoid bumperbot_motion::PDMotionPlanner::[01;32m[KcontrolLoop[m[K()[m[Kâ€™:
[01m[K/home/javed/ros_projects/bumperbot_ws/src/bumperbot_motion/src/pd_motion_planner.cpp:50:8:[m[K [01;31m[Kerror: [m[Kexpected â€˜[01m[K{[m[Kâ€™ before â€˜[01m[K:[m[Kâ€™ token
   50 |     try[01;31m[K:[m[K{
      |        [01;31m[K^[m[K
[01m[K/home/javed/ros_projects/bumperbot_ws/src/bumperbot_motion/src/pd_motion_planner.cpp:50:8:[m[K [01;31m[Kerror: [m[Kexpected â€˜[01m[Kcatch[m[Kâ€™ before â€˜[01m[K:[m[Kâ€™ token
[01m[K/home/javed/ros_projects/bumperbot_ws/src/bumperbot_motion/src/pd_motion_planner.cpp:50:8:[m[K [01;31m[Kerror: [m[Kexpected â€˜[01m[K([m[Kâ€™ before â€˜[01m[K:[m[Kâ€™ token
   50 |     try[01;31m[K:[m[K{
      |        [01;31m[K^[m[K
      |        [32m[K([m[K
[01m[K/home/javed/ros_projects/bumperbot_ws/src/bumperbot_motion/src/pd_motion_planner.cpp:50:8:[m[K [01;31m[Kerror: [m[Kexpected type-specifier before â€˜[01m[K:[m[Kâ€™ token
[01m[K/home/javed/ros_projects/bumperbot_ws/src/bumperbot_motion/src/pd_motion_planner.cpp:50:8:[m[K [01;31m[Kerror: [m[Kexpected â€˜[01m[K)[m[Kâ€™ before â€˜[01m[K:[m[Kâ€™ token
   50 |     try[01;31m[K:[m[K{
      |        [01;31m[K^[m[K
      |        [32m[K)[m[K
[01m[K/home/javed/ros_projects/bumperbot_ws/src/bumperbot_motion/src/pd_motion_planner.cpp:50:8:[m[K [01;31m[Kerror: [m[Kexpected â€˜[01m[K{[m[Kâ€™ before â€˜[01m[K:[m[Kâ€™ token
[01m[K/home/javed/ros_projects/bumperbot_ws/src/bumperbot_motion/src/pd_motion_planner.cpp:50:8:[m[K [01;31m[Kerror: [m[Kexpected primary-expression before â€˜[01m[K:[m[Kâ€™ token
[01m[K/home/javed/ros_projects/bumperbot_ws/src/bumperbot_motion/src/pd_motion_planner.cpp:52:6:[m[K [01;31m[Kerror: [m[Kexpected primary-expression before â€˜[01m[Kcatch[m[Kâ€™
   52 |     }[01;31m[Kcatch[m[K (tf2::TransformException & ex) {
      |      [01;31m[K^~~~~[m[K
gmake[2]: *** [CMakeFiles/pd_motion_planner.dir/build.make:76: CMakeFiles/pd_motion_planner.dir/src/pd_motion_planner.cpp.o] Error 1
gmake[1]: *** [CMakeFiles/Makefile2:140: CMakeFiles/pd_motion_planner.dir/all] Error 2
gmake: *** [Makefile:146: all] Error 2
