[0.499s] Invoking command in '/home/javed/ros_projects/bumperbot_ws/build/bumperbot_motion': CMAKE_PREFIX_PATH=${CMAKE_PREFIX_PATH}:/home/javed/ros_projects/bumperbot_ws/install/bumperbot_py_examples:/home/javed/ros_practice/install/bumperbot_python_examples:/opt/ros/jazzy DEBUGINFOD_URLS=https://debuginfod.ubuntu.com /usr/bin/cmake --build /home/javed/ros_projects/bumperbot_ws/build/bumperbot_motion -- -j16 -l16
[1.516s] -- Found ament_cmake: 2.5.4 (/opt/ros/jazzy/share/ament_cmake/cmake)
[3.421s] -- Found rclpy: 7.1.4 (/opt/ros/jazzy/share/rclpy/cmake)
[3.421s] -- Found rclcpp: 28.1.10 (/opt/ros/jazzy/share/rclcpp/cmake)
[3.809s] -- Found rosidl_generator_c: 4.6.5 (/opt/ros/jazzy/share/rosidl_generator_c/cmake)
[3.914s] -- Found rosidl_generator_cpp: 4.6.5 (/opt/ros/jazzy/share/rosidl_generator_cpp/cmake)
[4.058s] -- Using all available rosidl_typesupport_c: rosidl_typesupport_fastrtps_c;rosidl_typesupport_introspection_c
[4.955s] -- Using all available rosidl_typesupport_cpp: rosidl_typesupport_fastrtps_cpp;rosidl_typesupport_introspection_cpp
[5.496s] -- Found rmw_implementation_cmake: 7.3.2 (/opt/ros/jazzy/share/rmw_implementation_cmake/cmake)
[5.566s] -- Found rmw_fastrtps_cpp: 8.4.2 (/opt/ros/jazzy/share/rmw_fastrtps_cpp/cmake)
[5.906s] -- Using RMW implementation 'rmw_fastrtps_cpp' as default
[6.227s] -- Found geometry_msgs: 5.3.6 (/opt/ros/jazzy/share/geometry_msgs/cmake)
[6.353s] -- Found nav_msgs: 5.3.6 (/opt/ros/jazzy/share/nav_msgs/cmake)
[6.390s] -- Found tf2_ros: 0.36.12 (/opt/ros/jazzy/share/tf2_ros/cmake)
[6.652s] -- Found tf2_geometry_msgs: 0.36.12 (/opt/ros/jazzy/share/tf2_geometry_msgs/cmake)
[6.890s] -- Found eigen3_cmake_module: 0.3.0 (/opt/ros/jazzy/share/eigen3_cmake_module/cmake)
[6.891s] -- Found Eigen3: TRUE (found version "3.4.0") 
[6.891s] -- Ensuring Eigen3 include directory is part of orocos-kdl CMake target
[7.109s] -- Found ament_lint_auto: 0.17.2 (/opt/ros/jazzy/share/ament_lint_auto/cmake)
[7.764s] -- Added test 'cppcheck' to perform static code analysis on C / C++ code
[7.765s] -- Configured cppcheck include dirs: /home/javed/ros_projects/bumperbot_ws/src/bumperbot_motion/include
[7.765s] -- Configured cppcheck exclude dirs and/or files: 
[7.802s] -- Added test 'flake8' to check Python code syntax and style conventions
[7.802s] -- Configured 'flake8' exclude dirs and/or files: 
[7.873s] -- Added test 'lint_cmake' to check CMake code style
[7.874s] -- Added test 'pep257' to check Python code against some of the docstring style conventions in PEP 257
[7.892s] -- Added test 'uncrustify' to check C / C++ code style
[7.892s] -- Configured uncrustify additional arguments: 
[7.960s] -- Added test 'xmllint' to check XML markup files
[8.091s] -- Configuring done (7.4s)
[8.512s] -- Generating done (0.3s)
[8.516s] -- Build files have been written to: /home/javed/ros_projects/bumperbot_ws/build/bumperbot_motion
[8.579s] [  0%] Built target ament_cmake_python_copy_bumperbot_motion
[8.584s] [ 50%] [32mBuilding CXX object CMakeFiles/pd_motion_planner.dir/src/pd_motion_planner.cpp.o[0m
[8.796s] running egg_info
[8.814s] writing bumperbot_motion.egg-info/PKG-INFO
[8.814s] writing dependency_links to bumperbot_motion.egg-info/dependency_links.txt
[8.814s] writing top-level names to bumperbot_motion.egg-info/top_level.txt
[8.865s] reading manifest file 'bumperbot_motion.egg-info/SOURCES.txt'
[8.865s] writing manifest file 'bumperbot_motion.egg-info/SOURCES.txt'
[8.888s] [ 50%] Built target ament_cmake_python_build_bumperbot_motion_egg
[12.209s] [01m[K/home/javed/ros_projects/bumperbot_ws/src/bumperbot_motion/src/pd_motion_planner.cpp:[m[K In member function â€˜[01m[Kvoid bumperbot_motion::PDMotionPlanner::[01;32m[KcontrolLoop[m[K()[m[Kâ€™:
[12.209s] [01m[K/home/javed/ros_projects/bumperbot_ws/src/bumperbot_motion/src/pd_motion_planner.cpp:50:8:[m[K [01;31m[Kerror: [m[Kexpected â€˜[01m[K{[m[Kâ€™ before â€˜[01m[K:[m[Kâ€™ token
[12.210s]    50 |     try[01;31m[K:[m[K{
[12.210s]       |        [01;31m[K^[m[K
[12.210s] [01m[K/home/javed/ros_projects/bumperbot_ws/src/bumperbot_motion/src/pd_motion_planner.cpp:50:8:[m[K [01;31m[Kerror: [m[Kexpected â€˜[01m[Kcatch[m[Kâ€™ before â€˜[01m[K:[m[Kâ€™ token
[12.210s] [01m[K/home/javed/ros_projects/bumperbot_ws/src/bumperbot_motion/src/pd_motion_planner.cpp:50:8:[m[K [01;31m[Kerror: [m[Kexpected â€˜[01m[K([m[Kâ€™ before â€˜[01m[K:[m[Kâ€™ token
[12.210s]    50 |     try[01;31m[K:[m[K{
[12.210s]       |        [01;31m[K^[m[K
[12.210s]       |        [32m[K([m[K
[12.210s] [01m[K/home/javed/ros_projects/bumperbot_ws/src/bumperbot_motion/src/pd_motion_planner.cpp:50:8:[m[K [01;31m[Kerror: [m[Kexpected type-specifier before â€˜[01m[K:[m[Kâ€™ token
[12.210s] [01m[K/home/javed/ros_projects/bumperbot_ws/src/bumperbot_motion/src/pd_motion_planner.cpp:50:8:[m[K [01;31m[Kerror: [m[Kexpected â€˜[01m[K)[m[Kâ€™ before â€˜[01m[K:[m[Kâ€™ token
[12.210s]    50 |     try[01;31m[K:[m[K{
[12.210s]       |        [01;31m[K^[m[K
[12.210s]       |        [32m[K)[m[K
[12.210s] [01m[K/home/javed/ros_projects/bumperbot_ws/src/bumperbot_motion/src/pd_motion_planner.cpp:50:8:[m[K [01;31m[Kerror: [m[Kexpected â€˜[01m[K{[m[Kâ€™ before â€˜[01m[K:[m[Kâ€™ token
[12.210s] [01m[K/home/javed/ros_projects/bumperbot_ws/src/bumperbot_motion/src/pd_motion_planner.cpp:50:8:[m[K [01;31m[Kerror: [m[Kexpected primary-expression before â€˜[01m[K:[m[Kâ€™ token
[12.210s] [01m[K/home/javed/ros_projects/bumperbot_ws/src/bumperbot_motion/src/pd_motion_planner.cpp:52:6:[m[K [01;31m[Kerror: [m[Kexpected primary-expression before â€˜[01m[Kcatch[m[Kâ€™
[12.211s]    52 |     }[01;31m[Kcatch[m[K (tf2::TransformException & ex) {
[12.211s]       |      [01;31m[K^~~~~[m[K
[14.414s] gmake[2]: *** [CMakeFiles/pd_motion_planner.dir/build.make:76: CMakeFiles/pd_motion_planner.dir/src/pd_motion_planner.cpp.o] Error 1
[14.415s] gmake[1]: *** [CMakeFiles/Makefile2:140: CMakeFiles/pd_motion_planner.dir/all] Error 2
[14.415s] gmake: *** [Makefile:146: all] Error 2
[14.417s] Invoked command in '/home/javed/ros_projects/bumperbot_ws/build/bumperbot_motion' returned '2': CMAKE_PREFIX_PATH=${CMAKE_PREFIX_PATH}:/home/javed/ros_projects/bumperbot_ws/install/bumperbot_py_examples:/home/javed/ros_practice/install/bumperbot_python_examples:/opt/ros/jazzy DEBUGINFOD_URLS=https://debuginfod.ubuntu.com /usr/bin/cmake --build /home/javed/ros_projects/bumperbot_ws/build/bumperbot_motion -- -j16 -l16
